<?xml version="1.0" encoding="UTF-8" ?>
<testsuite errors="0" failures="1" hostname="ssgs-base" name="ssgs.ValidatorTest" skipped="0" tests="1" time="0.047" timestamp="2017-09-13T06:55:17">
  <properties>
[...]
</properties>
  <testcase classname="ssgs.ValidatorTest" name="testConCat" time="0.015">
    <failure message="expected:&lt;Subodh[]Sohoni&gt; but was:&lt;Subodh[ ]Sohoni&gt;" type="junit.framework.AssertionFailedError">junit.framework.AssertionFailedError: expected:&lt;Subodh[]Sohoni&gt; but was:&lt;Subodh[ ]Sohoni&gt;
	at ssgs.ValidatorTest.testConCat(ValidatorTest.java:14)
</failure>
  </testcase>
  <system-out><![CDATA[]]></system-out>
  <system-err><![CDATA[]]></system-err>
</testsuite>
